2024-05-03 14:56:55.05307   [INFO] logger initialized with level: [1;32minfo[0m
2024-05-03 14:57:10.934188  [INFO] logger initialized with level: [1;32minfo[0m
2024-05-03 15:01:10.45293   [INFO] logger initialized with level: [1;32minfo[0m
2024-05-03 15:01:31.298368  [INFO] logger initialized with level: [1;32minfo[0m
2024-05-03 15:01:31.382577  [INFO] database connected (79.672791ms)
2024-05-03 15:01:31.386237  [INFO] relation "seaql_migrations" already exists, skipping
2024-05-03 15:01:31.388214  [INFO] summary="CREATE TABLE IF NOT …" db.statement="\n\nCREATE TABLE IF NOT EXISTS \"seaql_migrations\" (\n  \"version\" varchar NOT NULL PRIMARY KEY,\n  \"applied_at\" bigint NOT NULL\n)\n" rows_affected=0 rows_returned=0 elapsed=1.094875ms elapsed_secs=0.001094875
2024-05-03 15:01:31.388249  [INFO] Applying all pending migrations
2024-05-03 15:01:31.388444  [INFO] relation "seaql_migrations" already exists, skipping
2024-05-03 15:01:31.389138  [INFO] summary="CREATE TABLE IF NOT …" db.statement="\n\nCREATE TABLE IF NOT EXISTS \"seaql_migrations\" (\n  \"version\" varchar NOT NULL PRIMARY KEY,\n  \"applied_at\" bigint NOT NULL\n)\n" rows_affected=0 rows_returned=0 elapsed=167.875µs elapsed_secs=0.000167875
2024-05-03 15:01:31.389251  [INFO] relation "seaql_migrations" already exists, skipping
2024-05-03 15:01:31.389924  [INFO] summary="CREATE TABLE IF NOT …" db.statement="\n\nCREATE TABLE IF NOT EXISTS \"seaql_migrations\" (\n  \"version\" varchar NOT NULL PRIMARY KEY,\n  \"applied_at\" bigint NOT NULL\n)\n" rows_affected=0 rows_returned=0 elapsed=95.209µs elapsed_secs=9.5209e-5
2024-05-03 15:01:31.390061  [INFO] relation "seaql_migrations" already exists, skipping
2024-05-03 15:01:31.390706  [INFO] summary="CREATE TABLE IF NOT …" db.statement="\n\nCREATE TABLE IF NOT EXISTS \"seaql_migrations\" (\n  \"version\" varchar NOT NULL PRIMARY KEY,\n  \"applied_at\" bigint NOT NULL\n)\n" rows_affected=0 rows_returned=0 elapsed=84.25µs elapsed_secs=8.425e-5
2024-05-03 15:01:31.392411  [INFO] summary="SELECT \"version\", \"applied_at\" FROM …" db.statement="\n\nSELECT\n  \"version\",\n  \"applied_at\"\nFROM\n  \"seaql_migrations\"\nORDER BY\n  \"version\" ASC\n" rows_affected=1 rows_returned=1 elapsed=1.357875ms elapsed_secs=0.001357875
2024-05-03 15:01:31.392938  [INFO] No pending migrations
2024-05-03 15:01:31.393052  [INFO] summary="COMMIT" db.statement="" rows_affected=0 rows_returned=0 elapsed=89.708µs elapsed_secs=8.9708e-5
2024-05-03 15:01:31.393079  [INFO] database migration done (10.490083ms)
2024-05-03 15:01:31.394007  [INFO] local addr =  0.0.0.0:8080
2024-05-03 15:04:58.801835  [INFO] logger initialized with level: [1;32minfo[0m
2024-05-03 15:04:58.851425  [INFO] database connected (44.62775ms)
2024-05-03 15:04:58.855097  [INFO] relation "seaql_migrations" already exists, skipping
2024-05-03 15:04:58.857119  [INFO] summary="CREATE TABLE IF NOT …" db.statement="\n\nCREATE TABLE IF NOT EXISTS \"seaql_migrations\" (\n  \"version\" varchar NOT NULL PRIMARY KEY,\n  \"applied_at\" bigint NOT NULL\n)\n" rows_affected=0 rows_returned=0 elapsed=1.035ms elapsed_secs=0.001035
2024-05-03 15:04:58.857136  [INFO] Applying all pending migrations
2024-05-03 15:04:58.857263  [INFO] relation "seaql_migrations" already exists, skipping
2024-05-03 15:04:58.85797   [INFO] summary="CREATE TABLE IF NOT …" db.statement="\n\nCREATE TABLE IF NOT EXISTS \"seaql_migrations\" (\n  \"version\" varchar NOT NULL PRIMARY KEY,\n  \"applied_at\" bigint NOT NULL\n)\n" rows_affected=0 rows_returned=0 elapsed=107.208µs elapsed_secs=0.000107208
2024-05-03 15:04:58.858116  [INFO] relation "seaql_migrations" already exists, skipping
2024-05-03 15:04:58.8588    [INFO] summary="CREATE TABLE IF NOT …" db.statement="\n\nCREATE TABLE IF NOT EXISTS \"seaql_migrations\" (\n  \"version\" varchar NOT NULL PRIMARY KEY,\n  \"applied_at\" bigint NOT NULL\n)\n" rows_affected=0 rows_returned=0 elapsed=127.75µs elapsed_secs=0.00012775
2024-05-03 15:04:58.858913  [INFO] relation "seaql_migrations" already exists, skipping
2024-05-03 15:04:58.859569  [INFO] summary="CREATE TABLE IF NOT …" db.statement="\n\nCREATE TABLE IF NOT EXISTS \"seaql_migrations\" (\n  \"version\" varchar NOT NULL PRIMARY KEY,\n  \"applied_at\" bigint NOT NULL\n)\n" rows_affected=0 rows_returned=0 elapsed=73.709µs elapsed_secs=7.3709e-5
2024-05-03 15:04:58.86036   [INFO] summary="SELECT \"version\", \"applied_at\" FROM …" db.statement="\n\nSELECT\n  \"version\",\n  \"applied_at\"\nFROM\n  \"seaql_migrations\"\nORDER BY\n  \"version\" ASC\n" rows_affected=1 rows_returned=1 elapsed=532.75µs elapsed_secs=0.00053275
2024-05-03 15:04:58.861619  [INFO] No pending migrations
2024-05-03 15:04:58.861722  [INFO] summary="COMMIT" db.statement="" rows_affected=0 rows_returned=0 elapsed=90.875µs elapsed_secs=9.0875e-5
2024-05-03 15:04:58.861754  [INFO] database migration done (10.31875ms)
2024-05-03 15:04:58.862778  [INFO] Listening on http://0.0.0.0:8080
2024-05-03 15:07:01.137145  [INFO] logger initialized with level: [1;32minfo[0m
2024-05-03 15:07:01.187207  [INFO] database connected (45.299458ms)
2024-05-03 15:07:01.191284  [INFO] relation "seaql_migrations" already exists, skipping
2024-05-03 15:07:01.193219  [INFO] summary="CREATE TABLE IF NOT …" db.statement="\n\nCREATE TABLE IF NOT EXISTS \"seaql_migrations\" (\n  \"version\" varchar NOT NULL PRIMARY KEY,\n  \"applied_at\" bigint NOT NULL\n)\n" rows_affected=0 rows_returned=0 elapsed=1.143417ms elapsed_secs=0.001143417
2024-05-03 15:07:01.193234  [INFO] Applying all pending migrations
2024-05-03 15:07:01.193368  [INFO] relation "seaql_migrations" already exists, skipping
2024-05-03 15:07:01.194076  [INFO] summary="CREATE TABLE IF NOT …" db.statement="\n\nCREATE TABLE IF NOT EXISTS \"seaql_migrations\" (\n  \"version\" varchar NOT NULL PRIMARY KEY,\n  \"applied_at\" bigint NOT NULL\n)\n" rows_affected=0 rows_returned=0 elapsed=122.541µs elapsed_secs=0.000122541
2024-05-03 15:07:01.194197  [INFO] relation "seaql_migrations" already exists, skipping
2024-05-03 15:07:01.194879  [INFO] summary="CREATE TABLE IF NOT …" db.statement="\n\nCREATE TABLE IF NOT EXISTS \"seaql_migrations\" (\n  \"version\" varchar NOT NULL PRIMARY KEY,\n  \"applied_at\" bigint NOT NULL\n)\n" rows_affected=0 rows_returned=0 elapsed=101.417µs elapsed_secs=0.000101417
2024-05-03 15:07:01.194998  [INFO] relation "seaql_migrations" already exists, skipping
2024-05-03 15:07:01.195641  [INFO] summary="CREATE TABLE IF NOT …" db.statement="\n\nCREATE TABLE IF NOT EXISTS \"seaql_migrations\" (\n  \"version\" varchar NOT NULL PRIMARY KEY,\n  \"applied_at\" bigint NOT NULL\n)\n" rows_affected=0 rows_returned=0 elapsed=73.416µs elapsed_secs=7.3416e-5
2024-05-03 15:07:01.196488  [INFO] summary="SELECT \"version\", \"applied_at\" FROM …" db.statement="\n\nSELECT\n  \"version\",\n  \"applied_at\"\nFROM\n  \"seaql_migrations\"\nORDER BY\n  \"version\" ASC\n" rows_affected=1 rows_returned=1 elapsed=564.083µs elapsed_secs=0.000564083
2024-05-03 15:07:01.197737  [INFO] No pending migrations
2024-05-03 15:07:01.19785   [INFO] summary="COMMIT" db.statement="" rows_affected=0 rows_returned=0 elapsed=99.75µs elapsed_secs=9.975e-5
2024-05-03 15:07:01.197885  [INFO] database migration done (10.666ms)
2024-05-03 15:07:01.198928  [INFO] Listening on http://0.0.0.0:8080
2024-05-03 15:13:10.707535  [INFO] logger initialized with level: [1;32minfo[0m
2024-05-03 15:13:10.759368  [INFO] database connected (47.033667ms)
2024-05-03 15:13:10.76311   [INFO] relation "seaql_migrations" already exists, skipping
2024-05-03 15:13:10.764984  [INFO] summary="CREATE TABLE IF NOT …" db.statement="\n\nCREATE TABLE IF NOT EXISTS \"seaql_migrations\" (\n  \"version\" varchar NOT NULL PRIMARY KEY,\n  \"applied_at\" bigint NOT NULL\n)\n" rows_affected=0 rows_returned=0 elapsed=982.792µs elapsed_secs=0.000982792
2024-05-03 15:13:10.765002  [INFO] Applying all pending migrations
2024-05-03 15:13:10.765126  [INFO] relation "seaql_migrations" already exists, skipping
2024-05-03 15:13:10.765794  [INFO] summary="CREATE TABLE IF NOT …" db.statement="\n\nCREATE TABLE IF NOT EXISTS \"seaql_migrations\" (\n  \"version\" varchar NOT NULL PRIMARY KEY,\n  \"applied_at\" bigint NOT NULL\n)\n" rows_affected=0 rows_returned=0 elapsed=104.667µs elapsed_secs=0.000104667
2024-05-03 15:13:10.765939  [INFO] relation "seaql_migrations" already exists, skipping
2024-05-03 15:13:10.766657  [INFO] summary="CREATE TABLE IF NOT …" db.statement="\n\nCREATE TABLE IF NOT EXISTS \"seaql_migrations\" (\n  \"version\" varchar NOT NULL PRIMARY KEY,\n  \"applied_at\" bigint NOT NULL\n)\n" rows_affected=0 rows_returned=0 elapsed=129.333µs elapsed_secs=0.000129333
2024-05-03 15:13:10.766831  [INFO] relation "seaql_migrations" already exists, skipping
2024-05-03 15:13:10.767548  [INFO] summary="CREATE TABLE IF NOT …" db.statement="\n\nCREATE TABLE IF NOT EXISTS \"seaql_migrations\" (\n  \"version\" varchar NOT NULL PRIMARY KEY,\n  \"applied_at\" bigint NOT NULL\n)\n" rows_affected=0 rows_returned=0 elapsed=106.375µs elapsed_secs=0.000106375
2024-05-03 15:13:10.768398  [INFO] summary="SELECT \"version\", \"applied_at\" FROM …" db.statement="\n\nSELECT\n  \"version\",\n  \"applied_at\"\nFROM\n  \"seaql_migrations\"\nORDER BY\n  \"version\" ASC\n" rows_affected=1 rows_returned=1 elapsed=546.333µs elapsed_secs=0.000546333
2024-05-03 15:13:10.769692  [INFO] No pending migrations
2024-05-03 15:13:10.769829  [INFO] summary="COMMIT" db.statement="" rows_affected=0 rows_returned=0 elapsed=123.833µs elapsed_secs=0.000123833
2024-05-03 15:13:10.769863  [INFO] database migration done (10.485042ms)
2024-05-03 15:13:10.77078   [INFO] Listening on http://0.0.0.0:8080
2024-05-03 15:18:40.169147  [INFO] logger initialized with level: [1;32minfo[0m
2024-05-03 15:18:40.236231  [INFO] database connected (57.958833ms)
2024-05-03 15:18:40.240494  [INFO] relation "seaql_migrations" already exists, skipping
2024-05-03 15:18:40.242477  [INFO] summary="CREATE TABLE IF NOT …" db.statement="\n\nCREATE TABLE IF NOT EXISTS \"seaql_migrations\" (\n  \"version\" varchar NOT NULL PRIMARY KEY,\n  \"applied_at\" bigint NOT NULL\n)\n" rows_affected=0 rows_returned=0 elapsed=1.063667ms elapsed_secs=0.001063667
2024-05-03 15:18:40.242502  [INFO] Applying all pending migrations
2024-05-03 15:18:40.242625  [INFO] relation "seaql_migrations" already exists, skipping
2024-05-03 15:18:40.243281  [INFO] summary="CREATE TABLE IF NOT …" db.statement="\n\nCREATE TABLE IF NOT EXISTS \"seaql_migrations\" (\n  \"version\" varchar NOT NULL PRIMARY KEY,\n  \"applied_at\" bigint NOT NULL\n)\n" rows_affected=0 rows_returned=0 elapsed=110µs elapsed_secs=0.00011
2024-05-03 15:18:40.243388  [INFO] relation "seaql_migrations" already exists, skipping
2024-05-03 15:18:40.244056  [INFO] summary="CREATE TABLE IF NOT …" db.statement="\n\nCREATE TABLE IF NOT EXISTS \"seaql_migrations\" (\n  \"version\" varchar NOT NULL PRIMARY KEY,\n  \"applied_at\" bigint NOT NULL\n)\n" rows_affected=0 rows_returned=0 elapsed=95.375µs elapsed_secs=9.5375e-5
2024-05-03 15:18:40.244216  [INFO] relation "seaql_migrations" already exists, skipping
2024-05-03 15:18:40.24489   [INFO] summary="CREATE TABLE IF NOT …" db.statement="\n\nCREATE TABLE IF NOT EXISTS \"seaql_migrations\" (\n  \"version\" varchar NOT NULL PRIMARY KEY,\n  \"applied_at\" bigint NOT NULL\n)\n" rows_affected=0 rows_returned=0 elapsed=107µs elapsed_secs=0.000107
2024-05-03 15:18:40.246085  [INFO] summary="SELECT \"version\", \"applied_at\" FROM …" db.statement="\n\nSELECT\n  \"version\",\n  \"applied_at\"\nFROM\n  \"seaql_migrations\"\nORDER BY\n  \"version\" ASC\n" rows_affected=1 rows_returned=1 elapsed=944.583µs elapsed_secs=0.000944583
2024-05-03 15:18:40.247381  [INFO] No pending migrations
2024-05-03 15:18:40.247526  [INFO] summary="COMMIT" db.statement="" rows_affected=0 rows_returned=0 elapsed=133.042µs elapsed_secs=0.000133042
2024-05-03 15:18:40.24756   [INFO] database migration done (11.316167ms)
2024-05-03 15:18:40.249015  [INFO] Listening on http://0.0.0.0:8080
2024-05-03 15:20:30.265633  [INFO] logger initialized with level: [1;36mdebug[0m
2024-05-03 15:20:30.271654  [DEBUG] database url: [94mpostgres://app2:123456@localhost/app2[0m
2024-05-03 15:20:30.373408  [INFO] database connected (101.531292ms)
2024-05-03 15:20:30.378608  [INFO] relation "seaql_migrations" already exists, skipping
2024-05-03 15:20:30.380915  [INFO] summary="CREATE TABLE IF NOT …" db.statement="\n\nCREATE TABLE IF NOT EXISTS \"seaql_migrations\" (\n  \"version\" varchar NOT NULL PRIMARY KEY,\n  \"applied_at\" bigint NOT NULL\n)\n" rows_affected=0 rows_returned=0 elapsed=1.325417ms elapsed_secs=0.001325417
2024-05-03 15:20:30.380954  [INFO] Applying all pending migrations
2024-05-03 15:20:30.381084  [INFO] relation "seaql_migrations" already exists, skipping
2024-05-03 15:20:30.381989  [INFO] summary="CREATE TABLE IF NOT …" db.statement="\n\nCREATE TABLE IF NOT EXISTS \"seaql_migrations\" (\n  \"version\" varchar NOT NULL PRIMARY KEY,\n  \"applied_at\" bigint NOT NULL\n)\n" rows_affected=0 rows_returned=0 elapsed=105.291µs elapsed_secs=0.000105291
2024-05-03 15:20:30.382137  [INFO] relation "seaql_migrations" already exists, skipping
2024-05-03 15:20:30.383057  [INFO] summary="CREATE TABLE IF NOT …" db.statement="\n\nCREATE TABLE IF NOT EXISTS \"seaql_migrations\" (\n  \"version\" varchar NOT NULL PRIMARY KEY,\n  \"applied_at\" bigint NOT NULL\n)\n" rows_affected=0 rows_returned=0 elapsed=123.458µs elapsed_secs=0.000123458
2024-05-03 15:20:30.383313  [INFO] relation "seaql_migrations" already exists, skipping
2024-05-03 15:20:30.384257  [INFO] summary="CREATE TABLE IF NOT …" db.statement="\n\nCREATE TABLE IF NOT EXISTS \"seaql_migrations\" (\n  \"version\" varchar NOT NULL PRIMARY KEY,\n  \"applied_at\" bigint NOT NULL\n)\n" rows_affected=0 rows_returned=0 elapsed=141.917µs elapsed_secs=0.000141917
2024-05-03 15:20:30.385296  [INFO] summary="SELECT \"version\", \"applied_at\" FROM …" db.statement="\n\nSELECT\n  \"version\",\n  \"applied_at\"\nFROM\n  \"seaql_migrations\"\nORDER BY\n  \"version\" ASC\n" rows_affected=1 rows_returned=1 elapsed=695.666µs elapsed_secs=0.000695666
2024-05-03 15:20:30.386443  [INFO] No pending migrations
2024-05-03 15:20:30.386587  [INFO] summary="COMMIT" db.statement="" rows_affected=0 rows_returned=0 elapsed=128.042µs elapsed_secs=0.000128042
2024-05-03 15:20:30.386632  [INFO] database migration done (13.209125ms)
2024-05-03 15:20:30.387954  [INFO] Listening on http://0.0.0.0:8080
2024-05-03 15:21:28.160998  [INFO] logger initialized with level: [1;36mdebug[0m
2024-05-03 15:21:28.166332  [DEBUG] database url: [94mpostgres://app2:123456@localhost/app2[0m
2024-05-03 15:21:28.206481  [INFO] database connected (39.992959ms)
2024-05-03 15:21:28.210591  [INFO] relation "seaql_migrations" already exists, skipping
2024-05-03 15:21:28.212484  [INFO] summary="CREATE TABLE IF NOT …" db.statement="\n\nCREATE TABLE IF NOT EXISTS \"seaql_migrations\" (\n  \"version\" varchar NOT NULL PRIMARY KEY,\n  \"applied_at\" bigint NOT NULL\n)\n" rows_affected=0 rows_returned=0 elapsed=1.025917ms elapsed_secs=0.001025917
2024-05-03 15:21:28.212508  [INFO] Applying all pending migrations
2024-05-03 15:21:28.212645  [INFO] relation "seaql_migrations" already exists, skipping
2024-05-03 15:21:28.213329  [INFO] summary="CREATE TABLE IF NOT …" db.statement="\n\nCREATE TABLE IF NOT EXISTS \"seaql_migrations\" (\n  \"version\" varchar NOT NULL PRIMARY KEY,\n  \"applied_at\" bigint NOT NULL\n)\n" rows_affected=0 rows_returned=0 elapsed=126.458µs elapsed_secs=0.000126458
2024-05-03 15:21:28.213419  [INFO] relation "seaql_migrations" already exists, skipping
2024-05-03 15:21:28.214064  [INFO] summary="CREATE TABLE IF NOT …" db.statement="\n\nCREATE TABLE IF NOT EXISTS \"seaql_migrations\" (\n  \"version\" varchar NOT NULL PRIMARY KEY,\n  \"applied_at\" bigint NOT NULL\n)\n" rows_affected=0 rows_returned=0 elapsed=71.75µs elapsed_secs=7.175e-5
2024-05-03 15:21:28.214213  [INFO] relation "seaql_migrations" already exists, skipping
2024-05-03 15:21:28.214846  [INFO] summary="CREATE TABLE IF NOT …" db.statement="\n\nCREATE TABLE IF NOT EXISTS \"seaql_migrations\" (\n  \"version\" varchar NOT NULL PRIMARY KEY,\n  \"applied_at\" bigint NOT NULL\n)\n" rows_affected=0 rows_returned=0 elapsed=101.166µs elapsed_secs=0.000101166
2024-05-03 15:21:28.215975  [INFO] summary="SELECT \"version\", \"applied_at\" FROM …" db.statement="\n\nSELECT\n  \"version\",\n  \"applied_at\"\nFROM\n  \"seaql_migrations\"\nORDER BY\n  \"version\" ASC\n" rows_affected=1 rows_returned=1 elapsed=862.125µs elapsed_secs=0.000862125
2024-05-03 15:21:28.216952  [INFO] No pending migrations
2024-05-03 15:21:28.217079  [INFO] summary="COMMIT" db.statement="" rows_affected=0 rows_returned=0 elapsed=114.041µs elapsed_secs=0.000114041
2024-05-03 15:21:28.217115  [INFO] database migration done (10.625792ms)
2024-05-03 15:21:28.218122  [INFO] Listening on http://0.0.0.0:8080
2024-05-03 15:22:33.814545  [INFO] logger initialized with level: [1;36mdebug[0m
2024-05-03 15:22:33.819234  [DEBUG] database url: [94mpostgres://app2:123456@localhost/app2[0m
2024-05-03 15:22:33.864181  [INFO] database connected (44.747917ms)
2024-05-03 15:22:33.868501  [INFO] relation "seaql_migrations" already exists, skipping
2024-05-03 15:22:33.870438  [INFO] summary="CREATE TABLE IF NOT …" db.statement="\n\nCREATE TABLE IF NOT EXISTS \"seaql_migrations\" (\n  \"version\" varchar NOT NULL PRIMARY KEY,\n  \"applied_at\" bigint NOT NULL\n)\n" rows_affected=0 rows_returned=0 elapsed=906.166µs elapsed_secs=0.000906166
2024-05-03 15:22:33.870449  [INFO] Applying all pending migrations
2024-05-03 15:22:33.87058   [INFO] relation "seaql_migrations" already exists, skipping
2024-05-03 15:22:33.871269  [INFO] summary="CREATE TABLE IF NOT …" db.statement="\n\nCREATE TABLE IF NOT EXISTS \"seaql_migrations\" (\n  \"version\" varchar NOT NULL PRIMARY KEY,\n  \"applied_at\" bigint NOT NULL\n)\n" rows_affected=0 rows_returned=0 elapsed=122.417µs elapsed_secs=0.000122417
2024-05-03 15:22:33.871406  [INFO] relation "seaql_migrations" already exists, skipping
2024-05-03 15:22:33.872048  [INFO] summary="CREATE TABLE IF NOT …" db.statement="\n\nCREATE TABLE IF NOT EXISTS \"seaql_migrations\" (\n  \"version\" varchar NOT NULL PRIMARY KEY,\n  \"applied_at\" bigint NOT NULL\n)\n" rows_affected=0 rows_returned=0 elapsed=119.375µs elapsed_secs=0.000119375
2024-05-03 15:22:33.872172  [INFO] relation "seaql_migrations" already exists, skipping
2024-05-03 15:22:33.872832  [INFO] summary="CREATE TABLE IF NOT …" db.statement="\n\nCREATE TABLE IF NOT EXISTS \"seaql_migrations\" (\n  \"version\" varchar NOT NULL PRIMARY KEY,\n  \"applied_at\" bigint NOT NULL\n)\n" rows_affected=0 rows_returned=0 elapsed=68.5µs elapsed_secs=6.85e-5
2024-05-03 15:22:33.874635  [INFO] summary="SELECT \"version\", \"applied_at\" FROM …" db.statement="\n\nSELECT\n  \"version\",\n  \"applied_at\"\nFROM\n  \"seaql_migrations\"\nORDER BY\n  \"version\" ASC\n" rows_affected=1 rows_returned=1 elapsed=566.042µs elapsed_secs=0.000566042
2024-05-03 15:22:33.875897  [INFO] No pending migrations
2024-05-03 15:22:33.876035  [INFO] summary="COMMIT" db.statement="" rows_affected=0 rows_returned=0 elapsed=113.958µs elapsed_secs=0.000113958
2024-05-03 15:22:33.876072  [INFO] database migration done (11.881583ms)
2024-05-03 15:22:33.877148  [INFO] Listening on http://0.0.0.0:8080
2024-05-03 15:22:40.185322  [DEBUG] Received close frame: None
2024-05-03 15:22:40.185382  [DEBUG] Replying to close with Frame { header: FrameHeader { is_final: true, rsv1: false, rsv2: false, rsv3: false, opcode: Control(Close), mask: None }, payload: [] }
2024-05-03 15:22:40.18544   [DEBUG] websocket start_send error: WebSocket protocol error: Sending after closing is not allowed
2024-05-03 15:24:22.453102  [INFO] logger initialized with level: [1;36mdebug[0m
2024-05-03 15:24:22.45753   [DEBUG] database url: [94mpostgres://app2:123456@localhost/app2[0m
2024-05-03 15:24:22.499875  [INFO] database connected (42.150625ms)
2024-05-03 15:24:22.505141  [INFO] relation "seaql_migrations" already exists, skipping
2024-05-03 15:24:22.506987  [INFO] summary="CREATE TABLE IF NOT …" db.statement="\n\nCREATE TABLE IF NOT EXISTS \"seaql_migrations\" (\n  \"version\" varchar NOT NULL PRIMARY KEY,\n  \"applied_at\" bigint NOT NULL\n)\n" rows_affected=0 rows_returned=0 elapsed=951.584µs elapsed_secs=0.000951584
2024-05-03 15:24:22.507002  [INFO] Applying all pending migrations
2024-05-03 15:24:22.507117  [INFO] relation "seaql_migrations" already exists, skipping
2024-05-03 15:24:22.507795  [INFO] summary="CREATE TABLE IF NOT …" db.statement="\n\nCREATE TABLE IF NOT EXISTS \"seaql_migrations\" (\n  \"version\" varchar NOT NULL PRIMARY KEY,\n  \"applied_at\" bigint NOT NULL\n)\n" rows_affected=0 rows_returned=0 elapsed=99.792µs elapsed_secs=9.9792e-5
2024-05-03 15:24:22.507903  [INFO] relation "seaql_migrations" already exists, skipping
2024-05-03 15:24:22.508541  [INFO] summary="CREATE TABLE IF NOT …" db.statement="\n\nCREATE TABLE IF NOT EXISTS \"seaql_migrations\" (\n  \"version\" varchar NOT NULL PRIMARY KEY,\n  \"applied_at\" bigint NOT NULL\n)\n" rows_affected=0 rows_returned=0 elapsed=85.208µs elapsed_secs=8.5208e-5
2024-05-03 15:24:22.508674  [INFO] relation "seaql_migrations" already exists, skipping
2024-05-03 15:24:22.50931   [INFO] summary="CREATE TABLE IF NOT …" db.statement="\n\nCREATE TABLE IF NOT EXISTS \"seaql_migrations\" (\n  \"version\" varchar NOT NULL PRIMARY KEY,\n  \"applied_at\" bigint NOT NULL\n)\n" rows_affected=0 rows_returned=0 elapsed=80.625µs elapsed_secs=8.0625e-5
2024-05-03 15:24:22.510675  [INFO] summary="SELECT \"version\", \"applied_at\" FROM …" db.statement="\n\nSELECT\n  \"version\",\n  \"applied_at\"\nFROM\n  \"seaql_migrations\"\nORDER BY\n  \"version\" ASC\n" rows_affected=1 rows_returned=1 elapsed=879.083µs elapsed_secs=0.000879083
2024-05-03 15:24:22.51194   [INFO] No pending migrations
2024-05-03 15:24:22.512083  [INFO] summary="COMMIT" db.statement="" rows_affected=0 rows_returned=0 elapsed=117.167µs elapsed_secs=0.000117167
2024-05-03 15:24:22.512117  [INFO] database migration done (12.231041ms)
2024-05-03 15:24:22.51335   [INFO] Listening on http://0.0.0.0:8080
2024-05-03 15:24:34.073966  [DEBUG] Received close frame: None
2024-05-03 15:24:34.074121  [DEBUG] Replying to close with Frame { header: FrameHeader { is_final: true, rsv1: false, rsv2: false, rsv3: false, opcode: Control(Close), mask: None }, payload: [] }
2024-05-03 15:24:34.075358  [DEBUG] websocket start_send error: WebSocket protocol error: Sending after closing is not allowed
2024-05-03 15:25:56.79073   [INFO] logger initialized with level: [1;36mdebug[0m
2024-05-03 15:25:56.796403  [DEBUG] database url: [94mpostgres://app2:123456@localhost/app2[0m
2024-05-03 15:25:56.834102  [INFO] database connected (37.510584ms)
2024-05-03 15:25:56.838588  [INFO] relation "seaql_migrations" already exists, skipping
2024-05-03 15:25:56.840468  [INFO] summary="CREATE TABLE IF NOT …" db.statement="\n\nCREATE TABLE IF NOT EXISTS \"seaql_migrations\" (\n  \"version\" varchar NOT NULL PRIMARY KEY,\n  \"applied_at\" bigint NOT NULL\n)\n" rows_affected=0 rows_returned=0 elapsed=919µs elapsed_secs=0.000919
2024-05-03 15:25:56.840487  [INFO] Applying all pending migrations
2024-05-03 15:25:56.840647  [INFO] relation "seaql_migrations" already exists, skipping
2024-05-03 15:25:56.841337  [INFO] summary="CREATE TABLE IF NOT …" db.statement="\n\nCREATE TABLE IF NOT EXISTS \"seaql_migrations\" (\n  \"version\" varchar NOT NULL PRIMARY KEY,\n  \"applied_at\" bigint NOT NULL\n)\n" rows_affected=0 rows_returned=0 elapsed=143.625µs elapsed_secs=0.000143625
2024-05-03 15:25:56.841479  [INFO] relation "seaql_migrations" already exists, skipping
2024-05-03 15:25:56.842124  [INFO] summary="CREATE TABLE IF NOT …" db.statement="\n\nCREATE TABLE IF NOT EXISTS \"seaql_migrations\" (\n  \"version\" varchar NOT NULL PRIMARY KEY,\n  \"applied_at\" bigint NOT NULL\n)\n" rows_affected=0 rows_returned=0 elapsed=113.375µs elapsed_secs=0.000113375
2024-05-03 15:25:56.842266  [INFO] relation "seaql_migrations" already exists, skipping
2024-05-03 15:25:56.842902  [INFO] summary="CREATE TABLE IF NOT …" db.statement="\n\nCREATE TABLE IF NOT EXISTS \"seaql_migrations\" (\n  \"version\" varchar NOT NULL PRIMARY KEY,\n  \"applied_at\" bigint NOT NULL\n)\n" rows_affected=0 rows_returned=0 elapsed=87.333µs elapsed_secs=8.7333e-5
2024-05-03 15:25:56.844437  [INFO] summary="SELECT \"version\", \"applied_at\" FROM …" db.statement="\n\nSELECT\n  \"version\",\n  \"applied_at\"\nFROM\n  \"seaql_migrations\"\nORDER BY\n  \"version\" ASC\n" rows_affected=1 rows_returned=1 elapsed=1.014417ms elapsed_secs=0.001014417
2024-05-03 15:25:56.845626  [INFO] No pending migrations
2024-05-03 15:25:56.845768  [INFO] summary="COMMIT" db.statement="" rows_affected=0 rows_returned=0 elapsed=118.667µs elapsed_secs=0.000118667
2024-05-03 15:25:56.845806  [INFO] database migration done (11.693542ms)
2024-05-03 15:25:56.846892  [INFO] Listening on http://0.0.0.0:8080
2024-05-03 15:29:35.97981   [DEBUG] Received close frame: None
2024-05-03 15:29:35.979936  [DEBUG] Replying to close with Frame { header: FrameHeader { is_final: true, rsv1: false, rsv2: false, rsv3: false, opcode: Control(Close), mask: None }, payload: [] }
2024-05-03 15:29:35.980413  [DEBUG] websocket start_send error: WebSocket protocol error: Sending after closing is not allowed
2024-05-03 15:30:45.254265  [INFO] logger initialized with level: [1;36mdebug[0m
2024-05-03 15:30:45.258864  [DEBUG] database url: [94mpostgres://app2:123456@localhost/app2[0m
2024-05-03 15:30:45.294484  [INFO] database connected (35.463167ms)
2024-05-03 15:30:45.299258  [INFO] relation "seaql_migrations" already exists, skipping
2024-05-03 15:30:45.301322  [INFO] summary="CREATE TABLE IF NOT …" db.statement="\n\nCREATE TABLE IF NOT EXISTS \"seaql_migrations\" (\n  \"version\" varchar NOT NULL PRIMARY KEY,\n  \"applied_at\" bigint NOT NULL\n)\n" rows_affected=0 rows_returned=0 elapsed=1.000791ms elapsed_secs=0.001000791
2024-05-03 15:30:45.301344  [INFO] Applying all pending migrations
2024-05-03 15:30:45.301495  [INFO] relation "seaql_migrations" already exists, skipping
2024-05-03 15:30:45.302198  [INFO] summary="CREATE TABLE IF NOT …" db.statement="\n\nCREATE TABLE IF NOT EXISTS \"seaql_migrations\" (\n  \"version\" varchar NOT NULL PRIMARY KEY,\n  \"applied_at\" bigint NOT NULL\n)\n" rows_affected=0 rows_returned=0 elapsed=131.042µs elapsed_secs=0.000131042
2024-05-03 15:30:45.302374  [INFO] relation "seaql_migrations" already exists, skipping
2024-05-03 15:30:45.303036  [INFO] summary="CREATE TABLE IF NOT …" db.statement="\n\nCREATE TABLE IF NOT EXISTS \"seaql_migrations\" (\n  \"version\" varchar NOT NULL PRIMARY KEY,\n  \"applied_at\" bigint NOT NULL\n)\n" rows_affected=0 rows_returned=0 elapsed=127.916µs elapsed_secs=0.000127916
2024-05-03 15:30:45.303237  [INFO] relation "seaql_migrations" already exists, skipping
2024-05-03 15:30:45.30388   [INFO] summary="CREATE TABLE IF NOT …" db.statement="\n\nCREATE TABLE IF NOT EXISTS \"seaql_migrations\" (\n  \"version\" varchar NOT NULL PRIMARY KEY,\n  \"applied_at\" bigint NOT NULL\n)\n" rows_affected=0 rows_returned=0 elapsed=148.459µs elapsed_secs=0.000148459
2024-05-03 15:30:45.305485  [INFO] summary="SELECT \"version\", \"applied_at\" FROM …" db.statement="\n\nSELECT\n  \"version\",\n  \"applied_at\"\nFROM\n  \"seaql_migrations\"\nORDER BY\n  \"version\" ASC\n" rows_affected=1 rows_returned=1 elapsed=1.070375ms elapsed_secs=0.001070375
2024-05-03 15:30:45.306684  [INFO] No pending migrations
2024-05-03 15:30:45.306825  [INFO] summary="COMMIT" db.statement="" rows_affected=0 rows_returned=0 elapsed=118.625µs elapsed_secs=0.000118625
2024-05-03 15:30:45.306861  [INFO] database migration done (12.368708ms)
2024-05-03 15:30:45.307976  [INFO] Listening on http://0.0.0.0:8080
2024-05-03 15:31:33.611291  [DEBUG] Received close frame: None
2024-05-03 15:31:33.611955  [DEBUG] Replying to close with Frame { header: FrameHeader { is_final: true, rsv1: false, rsv2: false, rsv3: false, opcode: Control(Close), mask: None }, payload: [] }
2024-05-03 15:31:33.61285   [DEBUG] websocket start_send error: WebSocket protocol error: Sending after closing is not allowed
2024-05-03 15:32:54.033518  [DEBUG] Received close frame: None
2024-05-03 15:32:54.03374   [DEBUG] Replying to close with Frame { header: FrameHeader { is_final: true, rsv1: false, rsv2: false, rsv3: false, opcode: Control(Close), mask: None }, payload: [] }
2024-05-03 15:32:54.033861  [DEBUG] websocket start_send error: WebSocket protocol error: Sending after closing is not allowed
2024-05-03 15:34:16.718483  [INFO] logger initialized with level: [1;36mdebug[0m
2024-05-03 15:34:16.72286   [DEBUG] database url: [94mpostgres://app2:123456@localhost/app2[0m
2024-05-03 15:34:16.774488  [INFO] database connected (51.448625ms)
2024-05-03 15:34:16.778944  [INFO] relation "seaql_migrations" already exists, skipping
2024-05-03 15:34:16.781783  [INFO] summary="CREATE TABLE IF NOT …" db.statement="\n\nCREATE TABLE IF NOT EXISTS \"seaql_migrations\" (\n  \"version\" varchar NOT NULL PRIMARY KEY,\n  \"applied_at\" bigint NOT NULL\n)\n" rows_affected=0 rows_returned=0 elapsed=1.006125ms elapsed_secs=0.001006125
2024-05-03 15:34:16.781804  [INFO] Applying all pending migrations
2024-05-03 15:34:16.781978  [INFO] relation "seaql_migrations" already exists, skipping
2024-05-03 15:34:16.782661  [INFO] summary="CREATE TABLE IF NOT …" db.statement="\n\nCREATE TABLE IF NOT EXISTS \"seaql_migrations\" (\n  \"version\" varchar NOT NULL PRIMARY KEY,\n  \"applied_at\" bigint NOT NULL\n)\n" rows_affected=0 rows_returned=0 elapsed=153.667µs elapsed_secs=0.000153667
2024-05-03 15:34:16.782775  [INFO] relation "seaql_migrations" already exists, skipping
2024-05-03 15:34:16.783441  [INFO] summary="CREATE TABLE IF NOT …" db.statement="\n\nCREATE TABLE IF NOT EXISTS \"seaql_migrations\" (\n  \"version\" varchar NOT NULL PRIMARY KEY,\n  \"applied_at\" bigint NOT NULL\n)\n" rows_affected=0 rows_returned=0 elapsed=93.541µs elapsed_secs=9.3541e-5
2024-05-03 15:34:16.78357   [INFO] relation "seaql_migrations" already exists, skipping
2024-05-03 15:34:16.784222  [INFO] summary="CREATE TABLE IF NOT …" db.statement="\n\nCREATE TABLE IF NOT EXISTS \"seaql_migrations\" (\n  \"version\" varchar NOT NULL PRIMARY KEY,\n  \"applied_at\" bigint NOT NULL\n)\n" rows_affected=0 rows_returned=0 elapsed=80.125µs elapsed_secs=8.0125e-5
2024-05-03 15:34:16.786299  [INFO] summary="SELECT \"version\", \"applied_at\" FROM …" db.statement="\n\nSELECT\n  \"version\",\n  \"applied_at\"\nFROM\n  \"seaql_migrations\"\nORDER BY\n  \"version\" ASC\n" rows_affected=1 rows_returned=1 elapsed=1.570834ms elapsed_secs=0.001570834
2024-05-03 15:34:16.787575  [INFO] No pending migrations
2024-05-03 15:34:16.787758  [INFO] summary="COMMIT" db.statement="" rows_affected=0 rows_returned=0 elapsed=160.875µs elapsed_secs=0.000160875
2024-05-03 15:34:16.787794  [INFO] database migration done (13.296333ms)
2024-05-03 15:34:16.788911  [INFO] Listening on http://0.0.0.0:8080
2024-05-03 15:44:32.790106  [INFO] logger initialized with level: [1;36mdebug[0m
2024-05-03 15:44:32.794609  [DEBUG] database url: [94mpostgres://app2:123456@localhost/app2[0m
2024-05-03 15:44:32.838506  [INFO] database connected (43.665667ms)
2024-05-03 15:44:32.842287  [INFO] relation "seaql_migrations" already exists, skipping
2024-05-03 15:44:32.844098  [INFO] summary="CREATE TABLE IF NOT …" db.statement="\n\nCREATE TABLE IF NOT EXISTS \"seaql_migrations\" (\n  \"version\" varchar NOT NULL PRIMARY KEY,\n  \"applied_at\" bigint NOT NULL\n)\n" rows_affected=0 rows_returned=0 elapsed=1.057209ms elapsed_secs=0.001057209
2024-05-03 15:44:32.844132  [INFO] Applying all pending migrations
2024-05-03 15:44:32.844484  [INFO] relation "seaql_migrations" already exists, skipping
2024-05-03 15:44:32.845167  [INFO] summary="CREATE TABLE IF NOT …" db.statement="\n\nCREATE TABLE IF NOT EXISTS \"seaql_migrations\" (\n  \"version\" varchar NOT NULL PRIMARY KEY,\n  \"applied_at\" bigint NOT NULL\n)\n" rows_affected=0 rows_returned=0 elapsed=132.333µs elapsed_secs=0.000132333
2024-05-03 15:44:32.845327  [INFO] relation "seaql_migrations" already exists, skipping
2024-05-03 15:44:32.84597   [INFO] summary="CREATE TABLE IF NOT …" db.statement="\n\nCREATE TABLE IF NOT EXISTS \"seaql_migrations\" (\n  \"version\" varchar NOT NULL PRIMARY KEY,\n  \"applied_at\" bigint NOT NULL\n)\n" rows_affected=0 rows_returned=0 elapsed=142.667µs elapsed_secs=0.000142667
2024-05-03 15:44:32.846137  [INFO] relation "seaql_migrations" already exists, skipping
2024-05-03 15:44:32.84677   [INFO] summary="CREATE TABLE IF NOT …" db.statement="\n\nCREATE TABLE IF NOT EXISTS \"seaql_migrations\" (\n  \"version\" varchar NOT NULL PRIMARY KEY,\n  \"applied_at\" bigint NOT NULL\n)\n" rows_affected=0 rows_returned=0 elapsed=121.625µs elapsed_secs=0.000121625
2024-05-03 15:44:32.847948  [INFO] summary="SELECT \"version\", \"applied_at\" FROM …" db.statement="\n\nSELECT\n  \"version\",\n  \"applied_at\"\nFROM\n  \"seaql_migrations\"\nORDER BY\n  \"version\" ASC\n" rows_affected=1 rows_returned=1 elapsed=926.666µs elapsed_secs=0.000926666
2024-05-03 15:44:32.849378  [INFO] No pending migrations
2024-05-03 15:44:32.849556  [INFO] summary="COMMIT" db.statement="" rows_affected=0 rows_returned=0 elapsed=165.708µs elapsed_secs=0.000165708
2024-05-03 15:44:32.849576  [INFO] database migration done (11.060625ms)
2024-05-03 15:44:32.850473  [INFO] Listening on http://0.0.0.0:8080
2024-05-03 15:44:45.765139  [DEBUG] Received close frame: None
2024-05-03 15:44:45.765206  [DEBUG] Replying to close with Frame { header: FrameHeader { is_final: true, rsv1: false, rsv2: false, rsv3: false, opcode: Control(Close), mask: None }, payload: [] }
2024-05-03 15:44:45.765259  [DEBUG] websocket start_send error: WebSocket protocol error: Sending after closing is not allowed
2024-05-03 15:47:10.215477  [INFO] logger initialized with level: [1;36mdebug[0m
2024-05-03 15:47:10.220143  [DEBUG] database url: [94mpostgres://app2:123456@localhost/app2[0m
2024-05-03 15:47:10.264004  [INFO] database connected (43.664417ms)
2024-05-03 15:47:10.268182  [INFO] relation "seaql_migrations" already exists, skipping
2024-05-03 15:47:10.270126  [INFO] summary="CREATE TABLE IF NOT …" db.statement="\n\nCREATE TABLE IF NOT EXISTS \"seaql_migrations\" (\n  \"version\" varchar NOT NULL PRIMARY KEY,\n  \"applied_at\" bigint NOT NULL\n)\n" rows_affected=0 rows_returned=0 elapsed=1.57425ms elapsed_secs=0.00157425
2024-05-03 15:47:10.270167  [INFO] Applying all pending migrations
2024-05-03 15:47:10.270563  [INFO] relation "seaql_migrations" already exists, skipping
2024-05-03 15:47:10.271226  [INFO] summary="CREATE TABLE IF NOT …" db.statement="\n\nCREATE TABLE IF NOT EXISTS \"seaql_migrations\" (\n  \"version\" varchar NOT NULL PRIMARY KEY,\n  \"applied_at\" bigint NOT NULL\n)\n" rows_affected=0 rows_returned=0 elapsed=231.25µs elapsed_secs=0.00023125
2024-05-03 15:47:10.271349  [INFO] relation "seaql_migrations" already exists, skipping
2024-05-03 15:47:10.272027  [INFO] summary="CREATE TABLE IF NOT …" db.statement="\n\nCREATE TABLE IF NOT EXISTS \"seaql_migrations\" (\n  \"version\" varchar NOT NULL PRIMARY KEY,\n  \"applied_at\" bigint NOT NULL\n)\n" rows_affected=0 rows_returned=0 elapsed=106.333µs elapsed_secs=0.000106333
2024-05-03 15:47:10.272193  [INFO] relation "seaql_migrations" already exists, skipping
2024-05-03 15:47:10.27284   [INFO] summary="CREATE TABLE IF NOT …" db.statement="\n\nCREATE TABLE IF NOT EXISTS \"seaql_migrations\" (\n  \"version\" varchar NOT NULL PRIMARY KEY,\n  \"applied_at\" bigint NOT NULL\n)\n" rows_affected=0 rows_returned=0 elapsed=110.709µs elapsed_secs=0.000110709
2024-05-03 15:47:10.273742  [INFO] summary="SELECT \"version\", \"applied_at\" FROM …" db.statement="\n\nSELECT\n  \"version\",\n  \"applied_at\"\nFROM\n  \"seaql_migrations\"\nORDER BY\n  \"version\" ASC\n" rows_affected=1 rows_returned=1 elapsed=600.583µs elapsed_secs=0.000600583
2024-05-03 15:47:10.275424  [INFO] No pending migrations
2024-05-03 15:47:10.275603  [INFO] summary="COMMIT" db.statement="" rows_affected=0 rows_returned=0 elapsed=160.25µs elapsed_secs=0.00016025
2024-05-03 15:47:10.27563   [INFO] database migration done (11.611333ms)
2024-05-03 15:47:10.276739  [INFO] Listening on http://0.0.0.0:8080
2024-05-03 15:47:20.866695  [DEBUG] Received close frame: None
2024-05-03 15:47:20.866744  [DEBUG] Replying to close with Frame { header: FrameHeader { is_final: true, rsv1: false, rsv2: false, rsv3: false, opcode: Control(Close), mask: None }, payload: [] }
2024-05-03 15:47:20.866794  [DEBUG] websocket start_send error: WebSocket protocol error: Sending after closing is not allowed
2024-05-03 15:49:05.300803  [INFO] logger initialized with level: [1;32minfo[0m
2024-05-03 15:49:05.350095  [INFO] database connected (44.152834ms)
2024-05-03 15:49:05.35367   [INFO] relation "seaql_migrations" already exists, skipping
2024-05-03 15:49:05.355468  [INFO] summary="CREATE TABLE IF NOT …" db.statement="\n\nCREATE TABLE IF NOT EXISTS \"seaql_migrations\" (\n  \"version\" varchar NOT NULL PRIMARY KEY,\n  \"applied_at\" bigint NOT NULL\n)\n" rows_affected=0 rows_returned=0 elapsed=976.917µs elapsed_secs=0.000976917
2024-05-03 15:49:05.355511  [INFO] Applying all pending migrations
2024-05-03 15:49:05.355925  [INFO] relation "seaql_migrations" already exists, skipping
2024-05-03 15:49:05.356609  [INFO] summary="CREATE TABLE IF NOT …" db.statement="\n\nCREATE TABLE IF NOT EXISTS \"seaql_migrations\" (\n  \"version\" varchar NOT NULL PRIMARY KEY,\n  \"applied_at\" bigint NOT NULL\n)\n" rows_affected=0 rows_returned=0 elapsed=154.25µs elapsed_secs=0.00015425
2024-05-03 15:49:05.356732  [INFO] relation "seaql_migrations" already exists, skipping
2024-05-03 15:49:05.357379  [INFO] summary="CREATE TABLE IF NOT …" db.statement="\n\nCREATE TABLE IF NOT EXISTS \"seaql_migrations\" (\n  \"version\" varchar NOT NULL PRIMARY KEY,\n  \"applied_at\" bigint NOT NULL\n)\n" rows_affected=0 rows_returned=0 elapsed=104.834µs elapsed_secs=0.000104834
2024-05-03 15:49:05.357511  [INFO] relation "seaql_migrations" already exists, skipping
2024-05-03 15:49:05.358152  [INFO] summary="CREATE TABLE IF NOT …" db.statement="\n\nCREATE TABLE IF NOT EXISTS \"seaql_migrations\" (\n  \"version\" varchar NOT NULL PRIMARY KEY,\n  \"applied_at\" bigint NOT NULL\n)\n" rows_affected=0 rows_returned=0 elapsed=86.542µs elapsed_secs=8.6542e-5
2024-05-03 15:49:05.359392  [INFO] summary="SELECT \"version\", \"applied_at\" FROM …" db.statement="\n\nSELECT\n  \"version\",\n  \"applied_at\"\nFROM\n  \"seaql_migrations\"\nORDER BY\n  \"version\" ASC\n" rows_affected=1 rows_returned=1 elapsed=963.334µs elapsed_secs=0.000963334
2024-05-03 15:49:05.360743  [INFO] No pending migrations
2024-05-03 15:49:05.360903  [INFO] summary="COMMIT" db.statement="" rows_affected=0 rows_returned=0 elapsed=143.417µs elapsed_secs=0.000143417
2024-05-03 15:49:05.360946  [INFO] database migration done (10.838625ms)
2024-05-03 15:49:05.361733  [INFO] Listening on http://0.0.0.0:8080
2024-05-03 15:50:39.589351  [INFO] logger initialized with level: [1;32minfo[0m
2024-05-03 15:50:39.639926  [INFO] database connected (45.831834ms)
2024-05-03 15:50:39.639937  [WARN] [shared/database/src/main/rust/lib.rs:57] database migration strategy is set to Fresh. Dropping and recreating the database...
2024-05-03 15:50:39.64387   [INFO] relation "seaql_migrations" already exists, skipping
2024-05-03 15:50:39.645734  [INFO] summary="CREATE TABLE IF NOT …" db.statement="\n\nCREATE TABLE IF NOT EXISTS \"seaql_migrations\" (\n  \"version\" varchar NOT NULL PRIMARY KEY,\n  \"applied_at\" bigint NOT NULL\n)\n" rows_affected=0 rows_returned=0 elapsed=1.130875ms elapsed_secs=0.001130875
2024-05-03 15:50:39.663942  [INFO] summary="SELECT \"table_name\" AS \"table_name\" …" db.statement="\n\nSELECT\n  \"table_name\" AS \"table_name\"\nFROM\n  \"information_schema\".\"tables\"\nWHERE\n  (CURRENT_SCHEMA()) = \"tables\".\"table_schema\"\n  AND \"table_type\" = $1\n" rows_affected=12 rows_returned=12 elapsed=16.893458ms elapsed_secs=0.016893458
2024-05-03 15:50:39.663981  [INFO] Dropping table 'seaql_migrations'
2024-05-03 15:50:39.670667  [INFO] summary="DROP TABLE IF EXISTS …" db.statement="\n\nDROP TABLE IF EXISTS \"seaql_migrations\" CASCADE\n" rows_affected=0 rows_returned=0 elapsed=6.3665ms elapsed_secs=0.0063665
2024-05-03 15:50:39.670764  [INFO] Table 'seaql_migrations' has been dropped
2024-05-03 15:50:39.67078   [INFO] Dropping table 'configuration'
2024-05-03 15:50:39.67173   [INFO] summary="DROP TABLE IF EXISTS …" db.statement="\n\nDROP TABLE IF EXISTS \"configuration\" CASCADE\n" rows_affected=0 rows_returned=0 elapsed=603.291µs elapsed_secs=0.000603291
2024-05-03 15:50:39.67174   [INFO] Table 'configuration' has been dropped
2024-05-03 15:50:39.671746  [INFO] Dropping table 'account'
2024-05-03 15:50:39.672705  [INFO] drop cascades to constraint fk_account_key_account_id on table account_key
2024-05-03 15:50:39.673965  [INFO] summary="DROP TABLE IF EXISTS …" db.statement="\n\nDROP TABLE IF EXISTS \"account\" CASCADE\n" rows_affected=0 rows_returned=0 elapsed=1.964625ms elapsed_secs=0.001964625
2024-05-03 15:50:39.673973  [INFO] Table 'account' has been dropped
2024-05-03 15:50:39.67398   [INFO] Dropping table 'account_key'
2024-05-03 15:50:39.674579  [INFO] summary="DROP TABLE IF EXISTS …" db.statement="\n\nDROP TABLE IF EXISTS \"account_key\" CASCADE\n" rows_affected=0 rows_returned=0 elapsed=342.25µs elapsed_secs=0.00034225
2024-05-03 15:50:39.674588  [INFO] Table 'account_key' has been dropped
2024-05-03 15:50:39.674593  [INFO] Dropping table 'asset_processing_task'
2024-05-03 15:50:39.676881  [INFO] summary="DROP TABLE IF EXISTS …" db.statement="\n\nDROP TABLE IF EXISTS \"asset_processing_task\" CASCADE\n" rows_affected=0 rows_returned=0 elapsed=1.995167ms elapsed_secs=0.001995167
2024-05-03 15:50:39.676889  [INFO] Table 'asset_processing_task' has been dropped
2024-05-03 15:50:39.676895  [INFO] Dropping table 'asset'
2024-05-03 15:50:39.677375  [INFO] drop cascades to 3 other objects
2024-05-03 15:50:39.677866  [INFO] summary="DROP TABLE IF EXISTS …" db.statement="\n\nDROP TABLE IF EXISTS \"asset\" CASCADE\n" rows_affected=0 rows_returned=0 elapsed=740.208µs elapsed_secs=0.000740208
2024-05-03 15:50:39.677871  [INFO] Table 'asset' has been dropped
2024-05-03 15:50:39.677875  [INFO] Dropping table 'actor'
2024-05-03 15:50:39.678113  [INFO] drop cascades to 2 other objects
2024-05-03 15:50:39.678751  [INFO] summary="DROP TABLE IF EXISTS …" db.statement="\n\nDROP TABLE IF EXISTS \"actor\" CASCADE\n" rows_affected=0 rows_returned=0 elapsed=659.792µs elapsed_secs=0.000659792
2024-05-03 15:50:39.678757  [INFO] Table 'actor' has been dropped
2024-05-03 15:50:39.678761  [INFO] Dropping table 'guild'
2024-05-03 15:50:39.678976  [INFO] drop cascades to constraint fk_guild_channel_guild_id on table guild_channel
2024-05-03 15:50:39.679379  [INFO] summary="DROP TABLE IF EXISTS …" db.statement="\n\nDROP TABLE IF EXISTS \"guild\" CASCADE\n" rows_affected=0 rows_returned=0 elapsed=366.958µs elapsed_secs=0.000366958
2024-05-03 15:50:39.679386  [INFO] Table 'guild' has been dropped
2024-05-03 15:50:39.679391  [INFO] Dropping table 'guild_channel'
2024-05-03 15:50:39.679914  [INFO] summary="DROP TABLE IF EXISTS …" db.statement="\n\nDROP TABLE IF EXISTS \"guild_channel\" CASCADE\n" rows_affected=0 rows_returned=0 elapsed=289.083µs elapsed_secs=0.000289083
2024-05-03 15:50:39.679921  [INFO] Table 'guild_channel' has been dropped
2024-05-03 15:50:39.679926  [INFO] Dropping table 'post'
2024-05-03 15:50:39.680136  [INFO] drop cascades to 2 other objects
2024-05-03 15:50:39.680554  [INFO] summary="DROP TABLE IF EXISTS …" db.statement="\n\nDROP TABLE IF EXISTS \"post\" CASCADE\n" rows_affected=0 rows_returned=0 elapsed=410.75µs elapsed_secs=0.00041075
2024-05-03 15:50:39.68056   [INFO] Table 'post' has been dropped
2024-05-03 15:50:39.680563  [INFO] Dropping table 'post_attatchment'
2024-05-03 15:50:39.681092  [INFO] summary="DROP TABLE IF EXISTS …" db.statement="\n\nDROP TABLE IF EXISTS \"post_attatchment\" CASCADE\n" rows_affected=0 rows_returned=0 elapsed=280.834µs elapsed_secs=0.000280834
2024-05-03 15:50:39.681102  [INFO] Table 'post_attatchment' has been dropped
2024-05-03 15:50:39.681105  [INFO] Dropping table 'post_flag'
2024-05-03 15:50:39.681755  [INFO] summary="DROP TABLE IF EXISTS …" db.statement="\n\nDROP TABLE IF EXISTS \"post_flag\" CASCADE\n" rows_affected=0 rows_returned=0 elapsed=433.25µs elapsed_secs=0.00043325
2024-05-03 15:50:39.681761  [INFO] Table 'post_flag' has been dropped
2024-05-03 15:50:39.681764  [INFO] Dropping all types
2024-05-03 15:50:39.683676  [INFO] summary="SELECT \"typname\" FROM \"pg_type\" …" db.statement="\n\nSELECT\n  \"typname\"\nFROM\n  \"pg_type\"\n  LEFT JOIN \"pg_namespace\" ON \"pg_namespace\".\"oid\" = \"pg_type\".\"typnamespace\"\nWHERE\n  (CURRENT_SCHEMA()) = \"pg_namespace\".\"nspname\"\n  AND \"pg_type\".\"typelem\" = $1\n" rows_affected=0 rows_returned=0 elapsed=1.098041ms elapsed_secs=0.001098041
2024-05-03 15:50:39.689586  [INFO] summary="CREATE TABLE IF NOT …" db.statement="\n\nCREATE TABLE IF NOT EXISTS \"seaql_migrations\" (\n  \"version\" varchar NOT NULL PRIMARY KEY,\n  \"applied_at\" bigint NOT NULL\n)\n" rows_affected=0 rows_returned=0 elapsed=5.071875ms elapsed_secs=0.005071875
2024-05-03 15:50:39.689598  [INFO] Applying all pending migrations
2024-05-03 15:50:39.689698  [INFO] relation "seaql_migrations" already exists, skipping
2024-05-03 15:50:39.690347  [INFO] summary="CREATE TABLE IF NOT …" db.statement="\n\nCREATE TABLE IF NOT EXISTS \"seaql_migrations\" (\n  \"version\" varchar NOT NULL PRIMARY KEY,\n  \"applied_at\" bigint NOT NULL\n)\n" rows_affected=0 rows_returned=0 elapsed=77.75µs elapsed_secs=7.775e-5
2024-05-03 15:50:39.690471  [INFO] relation "seaql_migrations" already exists, skipping
2024-05-03 15:50:39.691101  [INFO] summary="CREATE TABLE IF NOT …" db.statement="\n\nCREATE TABLE IF NOT EXISTS \"seaql_migrations\" (\n  \"version\" varchar NOT NULL PRIMARY KEY,\n  \"applied_at\" bigint NOT NULL\n)\n" rows_affected=0 rows_returned=0 elapsed=109.209µs elapsed_secs=0.000109209
2024-05-03 15:50:39.691226  [INFO] relation "seaql_migrations" already exists, skipping
2024-05-03 15:50:39.691869  [INFO] summary="CREATE TABLE IF NOT …" db.statement="\n\nCREATE TABLE IF NOT EXISTS \"seaql_migrations\" (\n  \"version\" varchar NOT NULL PRIMARY KEY,\n  \"applied_at\" bigint NOT NULL\n)\n" rows_affected=0 rows_returned=0 elapsed=68.458µs elapsed_secs=6.8458e-5
2024-05-03 15:50:39.692329  [INFO] summary="SELECT \"version\", \"applied_at\" FROM …" db.statement="\n\nSELECT\n  \"version\",\n  \"applied_at\"\nFROM\n  \"seaql_migrations\"\nORDER BY\n  \"version\" ASC\n" rows_affected=0 rows_returned=0 elapsed=235.833µs elapsed_secs=0.000235833
2024-05-03 15:50:39.694806  [INFO] Applying migration 'm20220101_000001_create_table'
2024-05-03 15:50:39.696277  [INFO] summary="CREATE TABLE \"configuration\" ( …" db.statement="\n\nCREATE TABLE \"configuration\" (\n  \"name\" varchar PRIMARY KEY NOT NULL,\n  \"value\" jsonb NOT NULL\n)\n" rows_affected=0 rows_returned=0 elapsed=888.708µs elapsed_secs=0.000888708
2024-05-03 15:50:39.699942  [INFO] summary="CREATE TABLE \"account\" ( …" db.statement="\n\nCREATE TABLE \"account\" (\n  \"id\" bigint PRIMARY KEY,\n  \"created_at\" timestamp with time zone NOT NULL,\n  \"updated_at\" timestamp with time zone NOT NULL,\n  \"session_secret\" bytea NOT NULL,\n  \"email\" varchar(320) UNIQUE NOT NULL\n)\n" rows_affected=0 rows_returned=0 elapsed=2.23725ms elapsed_secs=0.00223725
2024-05-03 15:50:39.703321  [INFO] summary="CREATE TABLE \"account_key\" ( …" db.statement="\n\nCREATE TABLE \"account_key\" (\n  \"id\" bigint PRIMARY KEY,\n  \"created_at\" timestamp with time zone NOT NULL,\n  \"account_id\" bigint NOT NULL,\n  \"name\" varchar NOT NULL,\n  \"data\" jsonb NOT NULL,\n  CONSTRAINT \"fk_account_key_account_id\" FOREIGN KEY (\"account_id\") REFERENCES \"account\" (\"id\") ON DELETE CASCADE ON\n  UPDATE\n    CASCADE\n)\n" rows_affected=0 rows_returned=0 elapsed=1.754209ms elapsed_secs=0.001754209
2024-05-03 15:50:39.705409  [INFO] summary="CREATE TABLE \"asset\" ( …" db.statement="\n\nCREATE TABLE \"asset\" (\n  \"id\" uuid PRIMARY KEY,\n  \"created_at\" timestamp with time zone NOT NULL,\n  \"origin\" bigint NOT NULL,\n  \"public\" bool NOT NULL\n)\n" rows_affected=0 rows_returned=0 elapsed=1.10575ms elapsed_secs=0.00110575
2024-05-03 15:50:39.709626  [INFO] summary="CREATE TABLE \"asset_processing_task\" ( …" db.statement="\n\nCREATE TABLE \"asset_processing_task\" (\n  \"task_id\" bigserial PRIMARY KEY,\n  \"asset_id\" uuid NOT NULL,\n  \"created_at\" timestamp NOT NULL,\n  \"started_at\" timestamp NULL,\n  \"finished_at\" timestamp NULL,\n  \"progress\" double precision NOT NULL DEFAULT 0,\n  \"configuration\" jsonb NULL\n)\n" rows_affected=0 rows_returned=0 elapsed=2.758458ms elapsed_secs=0.002758458
2024-05-03 15:50:39.714018  [INFO] summary="CREATE TABLE \"actor\" ( …" db.statement="\n\nCREATE TABLE \"actor\" (\n  \"id\" bigint PRIMARY KEY,\n  \"created_at\" timestamp with time zone NOT NULL,\n  \"updated_at\" timestamp with time zone NOT NULL,\n  \"name\" varchar NOT NULL,\n  \"discriminator\" smallint NULL,\n  \"display_name\" varchar NULL,\n  \"avatar\" uuid NULL,\n  \"banner\" uuid NULL,\n  UNIQUE (\"name\", \"discriminator\"),\n  CONSTRAINT \"fk_actor_avatar_asset_id\" FOREIGN KEY (\"avatar\") REFERENCES \"asset\" (\"id\"),\n  CONSTRAINT \"fk_actor_banner_asset_id\" FOREIGN KEY (\"banner\") REFERENCES \"asset\" (\"id\")\n)\n" rows_affected=0 rows_returned=0 elapsed=1.903834ms elapsed_secs=0.001903834
2024-05-03 15:50:39.71735   [INFO] summary="ALTER TABLE \"asset\" ADD …" db.statement="\n\nALTER TABLE\n  \"asset\"\nADD\n  CONSTRAINT \"fk_asset_origin_actor_id\" FOREIGN KEY (\"origin\") REFERENCES \"actor\" (\"id\") ON DELETE CASCADE ON\nUPDATE\n  CASCADE\n" rows_affected=0 rows_returned=0 elapsed=2.900084ms elapsed_secs=0.002900084
2024-05-03 15:50:39.721007  [INFO] summary="CREATE TABLE \"guild\" ( …" db.statement="\n\nCREATE TABLE \"guild\" (\n  \"id\" bigint PRIMARY KEY,\n  \"created_at\" timestamp with time zone NOT NULL,\n  \"owner_id\" bigint NOT NULL,\n  \"name\" varchar NOT NULL,\n  CONSTRAINT \"fk_guild_owner_id\" FOREIGN KEY (\"owner_id\") REFERENCES \"actor\" (\"id\") ON DELETE CASCADE ON\n  UPDATE\n    CASCADE\n)\n" rows_affected=0 rows_returned=0 elapsed=2.2625ms elapsed_secs=0.0022625
2024-05-03 15:50:39.723959  [INFO] summary="CREATE TABLE \"guild_channel\" ( …" db.statement="\n\nCREATE TABLE \"guild_channel\" (\n  \"id\" bigint PRIMARY KEY,\n  \"order\" smallint NOT NULL DEFAULT 0,\n  \"created_at\" timestamp with time zone NOT NULL,\n  \"guild_id\" bigint NOT NULL,\n  \"parent_id\" bigint NULL,\n  \"name\" varchar NOT NULL,\n  \"data\" jsonb NOT NULL,\n  CONSTRAINT \"fk_guild_channel_guild_id\" FOREIGN KEY (\"guild_id\") REFERENCES \"guild\" (\"id\") ON DELETE CASCADE ON\n  UPDATE\n    CASCADE\n)\n" rows_affected=0 rows_returned=0 elapsed=979.5µs elapsed_secs=0.0009795
2024-05-03 15:50:39.727304  [INFO] summary="CREATE TABLE \"post\" ( …" db.statement="\n\nCREATE TABLE \"post\" (\n  \"id\" bigint PRIMARY KEY,\n  \"created_at\" timestamp with time zone NOT NULL,\n  \"updated_at\" timestamp with time zone NOT NULL,\n  \"author_id\" bigint NOT NULL,\n  \"draft\" bool NOT NULL,\n  \"title\" varchar NULL,\n  \"content\" jsonb NOT NULL,\n  CONSTRAINT \"fk_post_author_id\" FOREIGN KEY (\"author_id\") REFERENCES \"actor\" (\"id\") ON DELETE CASCADE ON\n  UPDATE\n    CASCADE\n)\n" rows_affected=0 rows_returned=0 elapsed=1.196791ms elapsed_secs=0.001196791
2024-05-03 15:50:39.730422  [INFO] summary="CREATE TABLE \"post_attatchment\" ( …" db.statement="\n\nCREATE TABLE \"post_attatchment\" (\n  \"post_id\" bigint NOT NULL,\n  \"asset_id\" uuid NOT NULL,\n  \"order\" smallint NOT NULL DEFAULT 0,\n  PRIMARY KEY (\"post_id\", \"asset_id\"),\n  CONSTRAINT \"fk_post_attatchment_post_id\" FOREIGN KEY (\"post_id\") REFERENCES \"post\" (\"id\") ON DELETE CASCADE ON\n  UPDATE\n    CASCADE,\n    CONSTRAINT \"fk_post_attatchment_asset_id\" FOREIGN KEY (\"asset_id\") REFERENCES \"asset\" (\"id\") ON DELETE CASCADE ON\n  UPDATE\n    CASCADE\n)\n" rows_affected=0 rows_returned=0 elapsed=1.463042ms elapsed_secs=0.001463042
2024-05-03 15:50:39.732571  [INFO] summary="CREATE TABLE \"post_flag\" ( …" db.statement="\n\nCREATE TABLE \"post_flag\" (\n  \"post_id\" bigint NOT NULL,\n  \"flag\" varchar NOT NULL,\n  \"details\" jsonb NOT NULL,\n  PRIMARY KEY (\"post_id\", \"flag\"),\n  CONSTRAINT \"fk_post_flag_post_id\" FOREIGN KEY (\"post_id\") REFERENCES \"post\" (\"id\") ON DELETE CASCADE ON\n  UPDATE\n    CASCADE\n)\n" rows_affected=0 rows_returned=0 elapsed=920.75µs elapsed_secs=0.00092075
2024-05-03 15:50:39.732585  [INFO] Migration 'm20220101_000001_create_table' has been applied
2024-05-03 15:50:39.733498  [INFO] summary="INSERT INTO \"seaql_migrations\" (\"version\", …" db.statement="\n\nINSERT INTO\n  \"seaql_migrations\" (\"version\", \"applied_at\")\nVALUES\n  ($1, $2) RETURNING \"version\"\n" rows_affected=1 rows_returned=1 elapsed=450.75µs elapsed_secs=0.00045075
2024-05-03 15:50:39.739751  [INFO] summary="COMMIT" db.statement="" rows_affected=0 rows_returned=0 elapsed=6.230792ms elapsed_secs=0.006230792
2024-05-03 15:50:39.739796  [INFO] database migration done (99.859459ms)
2024-05-03 15:50:39.741587  [INFO] Listening on http://0.0.0.0:8080
